<?xml version="1.0" encoding="UTF-8"?>
<!-- Generated by org.testng.reporters.JUnitXMLReporter -->
<testsuite ignored="0" hostname="LAPTOP-1CNMLFBJ" failures="0" tests="8" name="Free CRM App Test Cases" time="58.414" errors="0" timestamp="09 Mar 2024 09:26:54 GMT">
  <testcase classname="com.crm.qa.testcases.customerLoginpageTest" name="customerloginpagetest" time="2.82"/>
  <testcase classname="com.crm.qa.testcases.customerDepositTest" name="customerdep" time="4.241"/>
  <testcase classname="com.crm.qa.testcases.customerWithdrawlTest" name="customerwithdrawl" time="5.525"/>
  <testcase classname="com.crm.qa.testcases.customerTransactionPageTest" name="customertransaction" time="2.725"/>
  <testcase classname="com.crm.qa.testcases.BankManagerloginTest" name="BankManagerLogin" time="1.167"/>
  <testcase classname="com.crm.qa.testcases.AddcustomerpageTest" name="addcustomer" time="2.767"/>
  <testcase classname="com.crm.qa.testcases.openAccountpageTest" name="openaccount" time="2.78"/>
  <testcase classname="com.crm.qa.testcases.searchCustomerpageTest" name="searchcustomers" time="3.365"/>
</testsuite> <!-- Free CRM App Test Cases -->
