<?xml version="1.0" encoding="UTF-8"?>
<testng-results ignored="0" total="1" passed="1" failed="0" skipped="0">
  <reporter-output>
  </reporter-output>
  <suite started-at="2024-03-09T09:28:26Z" name="Default suite" finished-at="2024-03-09T09:28:34Z" duration-ms="8498">
    <groups>
    </groups>
    <test started-at="2024-03-09T09:28:26Z" name="Default test" finished-at="2024-03-09T09:28:34Z" duration-ms="8498">
      <class name="com.crm.qa.testcases.customerWithdrawlTest">
        <test-method is-config="true" signature="setUp()[pri:0, instance:com.crm.qa.testcases.customerWithdrawlTest@7fc229ab]" started-at="2024-03-09T14:58:26Z" name="setUp" finished-at="2024-03-09T14:58:30Z" duration-ms="4045" status="PASS">
          <reporter-output>
          </reporter-output>
        </test-method> <!-- setUp -->
        <test-method signature="customerwithdrawl()[pri:1, instance:com.crm.qa.testcases.customerWithdrawlTest@7fc229ab]" started-at="2024-03-09T14:58:30Z" name="customerwithdrawl" finished-at="2024-03-09T14:58:34Z" duration-ms="4172" status="PASS">
          <reporter-output>
          </reporter-output>
        </test-method> <!-- customerwithdrawl -->
        <test-method is-config="true" signature="tearDown()[pri:0, instance:com.crm.qa.testcases.customerWithdrawlTest@7fc229ab]" started-at="2024-03-09T14:58:34Z" name="tearDown" finished-at="2024-03-09T14:58:34Z" duration-ms="265" status="PASS">
          <reporter-output>
          </reporter-output>
        </test-method> <!-- tearDown -->
      </class> <!-- com.crm.qa.testcases.customerWithdrawlTest -->
    </test> <!-- Default test -->
  </suite> <!-- Default suite -->
</testng-results>
